2025-02-22 22:27:20 - User: System - INFO - Application started
2025-02-22 22:30:48 - User: Anonymous - INFO - Login attempt for username: Ritem
2025-02-22 22:31:30 - User: Anonymous - INFO - Login attempt for username: Admin
2025-02-22 22:31:31 - User: Admin - INFO - User logged in successfully: Admin
2025-02-22 22:45:22 - User: Admin - INFO - User logged out: Admin
2025-02-22 22:53:46 - User: Anonymous - INFO - Registration attempt for username: Ritem2
2025-02-22 22:53:47 - User: Anonymous - INFO - User registered successfully: Ritem2
2025-02-22 22:54:20 - User: Anonymous - INFO - Registration attempt for username: Ritem2
2025-02-22 22:54:47 - User: Anonymous - INFO - Login attempt for username: Ritem2
2025-02-22 22:54:47 - User: Ritem2 - INFO - User logged in successfully: Ritem2
2025-02-22 23:01:06 - User: Ritem2 - INFO - User logged out: Ritem2
2025-02-22 23:01:29 - User: Anonymous - INFO - Login attempt for username: asdaasdasdasdasd
2025-02-23 10:22:43 - User: System - INFO - Application started
2025-02-23 10:22:45 - User: System - INFO - Application started
2025-02-23 10:46:16 - User: System - INFO - Application started
2025-02-23 11:05:35 - User: Anonymous - INFO - Login attempt for username: Ritem
2025-02-23 11:05:49 - User: Anonymous - INFO - Login attempt for username: Ritem
2025-02-23 11:05:50 - User: Ritem - INFO - User logged in successfully: Ritem
2025-02-23 11:07:00 - User: Ritem - INFO - User logged out: Ritem
2025-03-07 14:47:46 - User: System - INFO - Application started
2025-03-07 14:47:49 - User: System - INFO - Application started
2025-03-07 14:54:39 - User: Anonymous - INFO - Registration attempt for username: Ritem
2025-03-07 14:55:11 - User: Anonymous - INFO - Login attempt for username: Ritem
2025-03-07 14:55:11 - User: Ritem - INFO - User logged in successfully: Ritem
2025-03-07 14:55:50 - User: Ritem - INFO - User logged out: Ritem
