2025-02-22 22:30:49 - User: Anonymous - WARNING - Failed login attempt for username: Ritem
2025-02-22 22:32:11 - User: Admin - ERROR - Error executing command: 'wifiphisher' is not recognized as an internal or external command,
operable program or batch file.
Traceback (most recent call last):
  File "d:\OneDrive - Camarines Sur Polytechnic Colleges\College Files\3rd Year College\2nd Semester\Software Engineering 2\Project for Testing\Hyde\app.py", line 206, in index
    raise Exception(stderr)
Exception: 'wifiphisher' is not recognized as an internal or external command,
operable program or batch file.

2025-02-22 22:32:14 - User: Admin - ERROR - Error executing command: 'airmon-ng' is not recognized as an internal or external command,
operable program or batch file.
Traceback (most recent call last):
  File "d:\OneDrive - Camarines Sur Polytechnic Colleges\College Files\3rd Year College\2nd Semester\Software Engineering 2\Project for Testing\Hyde\app.py", line 206, in index
    raise Exception(stderr)
Exception: 'airmon-ng' is not recognized as an internal or external command,
operable program or batch file.

2025-02-22 22:54:20 - User: Anonymous - WARNING - Registration failed - username already exists: Ritem2
2025-02-22 23:01:29 - User: Anonymous - WARNING - Failed login attempt for username: asdaasdasdasdasd
2025-02-23 11:05:36 - User: Anonymous - WARNING - Failed login attempt for username: Ritem
2025-02-23 11:05:53 - User: Ritem - ERROR - Error executing command: 'wifiphisher' is not recognized as an internal or external command,
operable program or batch file.
Traceback (most recent call last):
  File "d:\OneDrive - Camarines Sur Polytechnic Colleges\College Files\3rd Year College\2nd Semester\Software Engineering 2\Project for Testing\Hyde\app.py", line 206, in index
    raise Exception(stderr)
Exception: 'wifiphisher' is not recognized as an internal or external command,
operable program or batch file.

2025-02-23 11:05:54 - User: Ritem - ERROR - Error executing command: 'airmon-ng' is not recognized as an internal or external command,
operable program or batch file.
Traceback (most recent call last):
  File "d:\OneDrive - Camarines Sur Polytechnic Colleges\College Files\3rd Year College\2nd Semester\Software Engineering 2\Project for Testing\Hyde\app.py", line 206, in index
    raise Exception(stderr)
Exception: 'airmon-ng' is not recognized as an internal or external command,
operable program or batch file.

2025-02-23 11:06:03 - User: Ritem - ERROR - Error executing command: 'wifiphisher' is not recognized as an internal or external command,
operable program or batch file.
Traceback (most recent call last):
  File "d:\OneDrive - Camarines Sur Polytechnic Colleges\College Files\3rd Year College\2nd Semester\Software Engineering 2\Project for Testing\Hyde\app.py", line 206, in index
    raise Exception(stderr)
Exception: 'wifiphisher' is not recognized as an internal or external command,
operable program or batch file.

2025-02-23 11:06:12 - User: Ritem - ERROR - Error executing command: 'wifiphisher' is not recognized as an internal or external command,
operable program or batch file.
Traceback (most recent call last):
  File "d:\OneDrive - Camarines Sur Polytechnic Colleges\College Files\3rd Year College\2nd Semester\Software Engineering 2\Project for Testing\Hyde\app.py", line 206, in index
    raise Exception(stderr)
Exception: 'wifiphisher' is not recognized as an internal or external command,
operable program or batch file.

